<?xml version="1.0" encoding="UTF-8"?>
<!-- Generated by org.testng.reporters.JUnitXMLReporter -->
<testsuite ignored="4" hostname="LTIN202836" failures="0" tests="12" name="Test" time="106.494" errors="0" timestamp="2024-02-28T17:34:36 IST">
  <testcase classname="testCases.TestCase01" name="searchbookshelves" time="6.723"/>
  <testcase classname="testCases.TestCase02" name="popup" time="2.852"/>
  <testcase classname="testCases.TestCase02" name="searchprice" time="4.968"/>
  <testcase classname="testCases.TestCase02" name="find" time="0.625"/>
  <testcase classname="testCases.TestCase02" name="printprice" time="2.905"/>
  <testcase classname="testCases.TestCase03" name="getliving" time="3.422"/>
  <testcase classname="testCases.TestCase03" name="getvalue" time="8.522"/>
  <testcase classname="testCases.TestCase03" name="scrolldown" time="0.208"/>
  <testcase classname="testCases.TestCase03" name="entervalues" time="0.855"/>
  <testcase classname="testCases.TestCase03" name="enterdetails" time="6.566"/>
  <testcase classname="testCases.TestCase03" name="msg" time="2.598"/>
  <testcase classname="testCases.TestCase03" name="valid" time="7.511"/>
  <testcase classname="testBase.BaseClass" name="@AfterTest teardown" time="0.0">
    <ignored/>
  </testcase> <!-- @AfterTest teardown -->
  <testcase classname="testBase.BaseClass" name="@AfterTest teardown" time="0.0">
    <ignored/>
  </testcase> <!-- @AfterTest teardown -->
  <testcase classname="testBase.BaseClass" name="@BeforeTest setup" time="0.0">
    <ignored/>
  </testcase> <!-- @BeforeTest setup -->
  <testcase classname="testBase.BaseClass" name="@BeforeTest setup" time="0.0">
    <ignored/>
  </testcase> <!-- @BeforeTest setup -->
</testsuite> <!-- Test -->
