<?xml version="1.0" encoding="UTF-8"?>
<!-- Generated by org.testng.reporters.JUnitXMLReporter -->
<testsuite ignored="4" hostname="LTIN202836" failures="0" tests="12" name="Test" time="149.455" errors="0" timestamp="2024-02-29T17:32:38 IST">
  <testcase classname="testCases.TestCase01" name="searchbookshelves" time="6.773"/>
  <testcase classname="testCases.TestCase02" name="popup" time="2.992"/>
  <testcase classname="testCases.TestCase02" name="searchprice" time="5.174"/>
  <testcase classname="testCases.TestCase02" name="find" time="2.328"/>
  <testcase classname="testCases.TestCase02" name="printprice" time="9.657"/>
  <testcase classname="testCases.TestCase03" name="getliving" time="4.702"/>
  <testcase classname="testCases.TestCase03" name="getvalue" time="69.387"/>
  <testcase classname="testCases.TestCase03" name="scrolldown" time="0.245"/>
  <testcase classname="testCases.TestCase03" name="entervalues" time="0.828"/>
  <testcase classname="testCases.TestCase03" name="enterdetails" time="6.821"/>
  <testcase classname="testCases.TestCase03" name="msg" time="2.928"/>
  <testcase classname="testCases.TestCase03" name="valid" time="7.557"/>
  <testcase classname="testBase.BaseClass" name="@AfterTest teardown" time="0.0">
    <ignored/>
  </testcase> <!-- @AfterTest teardown -->
  <testcase classname="testBase.BaseClass" name="@AfterTest teardown" time="0.0">
    <ignored/>
  </testcase> <!-- @AfterTest teardown -->
  <testcase classname="testBase.BaseClass" name="@BeforeTest setup" time="0.0">
    <ignored/>
  </testcase> <!-- @BeforeTest setup -->
  <testcase classname="testBase.BaseClass" name="@BeforeTest setup" time="0.0">
    <ignored/>
  </testcase> <!-- @BeforeTest setup -->
</testsuite> <!-- Test -->
