<?xml version="1.0" encoding="UTF-8"?>
<testng-results ignored="4" total="16" passed="12" failed="0" skipped="0">
  <reporter-output>
  </reporter-output>
  <suite started-at="2024-02-29T17:30:09 IST" name="Suite" finished-at="2024-02-29T17:32:38 IST" duration-ms="149455">
    <groups>
      <group name="regression">
        <method signature="TestCase02.find()[pri:3, instance:testCases.TestCase02@1151e434]" name="find" class="testCases.TestCase02"/>
        <method signature="TestCase02.printprice()[pri:4, instance:testCases.TestCase02@1151e434]" name="printprice" class="testCases.TestCase02"/>
        <method signature="TestCase02.searchprice()[pri:2, instance:testCases.TestCase02@1151e434]" name="searchprice" class="testCases.TestCase02"/>
        <method signature="TestCase03.enterdetails()[pri:5, instance:testCases.TestCase03@55634720]" name="enterdetails" class="testCases.TestCase03"/>
        <method signature="TestCase03.entervalues()[pri:4, instance:testCases.TestCase03@55634720]" name="entervalues" class="testCases.TestCase03"/>
        <method signature="TestCase03.getvalue()[pri:2, instance:testCases.TestCase03@55634720]" name="getvalue" class="testCases.TestCase03"/>
        <method signature="TestCase03.msg()[pri:6, instance:testCases.TestCase03@55634720]" name="msg" class="testCases.TestCase03"/>
        <method signature="TestCase03.scrolldown()[pri:3, instance:testCases.TestCase03@55634720]" name="scrolldown" class="testCases.TestCase03"/>
        <method signature="TestCase03.valid()[pri:7, instance:testCases.TestCase03@55634720]" name="valid" class="testCases.TestCase03"/>
      </group> <!-- regression -->
      <group name="sanity">
        <method signature="TestCase01.searchbookshelves()[pri:1, instance:testCases.TestCase01@201a4587]" name="searchbookshelves" class="testCases.TestCase01"/>
        <method signature="TestCase02.find()[pri:3, instance:testCases.TestCase02@1151e434]" name="find" class="testCases.TestCase02"/>
        <method signature="TestCase02.popup()[pri:1, instance:testCases.TestCase02@1151e434]" name="popup" class="testCases.TestCase02"/>
        <method signature="TestCase02.printprice()[pri:4, instance:testCases.TestCase02@1151e434]" name="printprice" class="testCases.TestCase02"/>
        <method signature="TestCase02.searchprice()[pri:2, instance:testCases.TestCase02@1151e434]" name="searchprice" class="testCases.TestCase02"/>
        <method signature="TestCase03.enterdetails()[pri:5, instance:testCases.TestCase03@55634720]" name="enterdetails" class="testCases.TestCase03"/>
        <method signature="TestCase03.entervalues()[pri:4, instance:testCases.TestCase03@55634720]" name="entervalues" class="testCases.TestCase03"/>
        <method signature="TestCase03.getliving()[pri:1, instance:testCases.TestCase03@55634720]" name="getliving" class="testCases.TestCase03"/>
        <method signature="TestCase03.getvalue()[pri:2, instance:testCases.TestCase03@55634720]" name="getvalue" class="testCases.TestCase03"/>
        <method signature="TestCase03.msg()[pri:6, instance:testCases.TestCase03@55634720]" name="msg" class="testCases.TestCase03"/>
        <method signature="TestCase03.scrolldown()[pri:3, instance:testCases.TestCase03@55634720]" name="scrolldown" class="testCases.TestCase03"/>
        <method signature="TestCase03.valid()[pri:7, instance:testCases.TestCase03@55634720]" name="valid" class="testCases.TestCase03"/>
      </group> <!-- sanity -->
    </groups>
    <test started-at="2024-02-29T17:30:09 IST" name="Test" finished-at="2024-02-29T17:32:38 IST" duration-ms="149455">
      <class name="testCases.TestCase01">
        <test-method is-config="true" signature="setup(java.lang.String,java.lang.String)[pri:0, instance:testCases.TestCase01@201a4587]" started-at="2024-02-29T17:30:10 IST" name="setup" finished-at="2024-02-29T17:30:29 IST" duration-ms="18462" status="PASS">
          <params>
            <param index="0">
              <value>
                <![CDATA[windows]]>
              </value>
            </param>
            <param index="1">
              <value>
                <![CDATA[chrome]]>
              </value>
            </param>
          </params>
          <reporter-output>
          </reporter-output>
        </test-method> <!-- setup -->
        <test-method signature="searchbookshelves()[pri:1, instance:testCases.TestCase01@201a4587]" started-at="2024-02-29T17:30:29 IST" name="searchbookshelves" finished-at="2024-02-29T17:30:36 IST" duration-ms="6773" status="PASS">
          <reporter-output>
          </reporter-output>
        </test-method> <!-- searchbookshelves -->
        <test-method is-config="true" signature="teardown()[pri:0, instance:testCases.TestCase01@201a4587]" started-at="2024-02-29T17:32:34 IST" name="teardown" finished-at="2024-02-29T17:32:38 IST" duration-ms="3962" status="PASS">
          <reporter-output>
          </reporter-output>
        </test-method> <!-- teardown -->
      </class> <!-- testCases.TestCase01 -->
      <class name="testCases.TestCase02">
        <test-method signature="popup()[pri:1, instance:testCases.TestCase02@1151e434]" started-at="2024-02-29T17:30:37 IST" name="popup" finished-at="2024-02-29T17:30:40 IST" duration-ms="2992" status="PASS">
          <reporter-output>
          </reporter-output>
        </test-method> <!-- popup -->
        <test-method signature="searchprice()[pri:2, instance:testCases.TestCase02@1151e434]" started-at="2024-02-29T17:30:40 IST" name="searchprice" finished-at="2024-02-29T17:30:45 IST" duration-ms="5174" status="PASS">
          <reporter-output>
          </reporter-output>
        </test-method> <!-- searchprice -->
        <test-method signature="find()[pri:3, instance:testCases.TestCase02@1151e434]" started-at="2024-02-29T17:30:46 IST" name="find" finished-at="2024-02-29T17:30:48 IST" duration-ms="2328" status="PASS">
          <reporter-output>
          </reporter-output>
        </test-method> <!-- find -->
        <test-method signature="printprice()[pri:4, instance:testCases.TestCase02@1151e434]" started-at="2024-02-29T17:30:49 IST" name="printprice" finished-at="2024-02-29T17:30:58 IST" duration-ms="9657" status="PASS">
          <reporter-output>
          </reporter-output>
        </test-method> <!-- printprice -->
      </class> <!-- testCases.TestCase02 -->
      <class name="testCases.TestCase03">
        <test-method signature="getliving()[pri:1, instance:testCases.TestCase03@55634720]" started-at="2024-02-29T17:30:59 IST" name="getliving" finished-at="2024-02-29T17:31:04 IST" duration-ms="4702" status="PASS">
          <reporter-output>
          </reporter-output>
        </test-method> <!-- getliving -->
        <test-method signature="getvalue()[pri:2, instance:testCases.TestCase03@55634720]" started-at="2024-02-29T17:31:04 IST" name="getvalue" finished-at="2024-02-29T17:32:13 IST" duration-ms="69387" status="PASS">
          <reporter-output>
          </reporter-output>
        </test-method> <!-- getvalue -->
        <test-method signature="scrolldown()[pri:3, instance:testCases.TestCase03@55634720]" started-at="2024-02-29T17:32:14 IST" name="scrolldown" finished-at="2024-02-29T17:32:14 IST" duration-ms="245" status="PASS">
          <reporter-output>
          </reporter-output>
        </test-method> <!-- scrolldown -->
        <test-method signature="entervalues()[pri:4, instance:testCases.TestCase03@55634720]" started-at="2024-02-29T17:32:15 IST" name="entervalues" finished-at="2024-02-29T17:32:15 IST" duration-ms="828" status="PASS">
          <reporter-output>
          </reporter-output>
        </test-method> <!-- entervalues -->
        <test-method signature="enterdetails()[pri:5, instance:testCases.TestCase03@55634720]" started-at="2024-02-29T17:32:16 IST" name="enterdetails" finished-at="2024-02-29T17:32:23 IST" duration-ms="6821" status="PASS">
          <reporter-output>
          </reporter-output>
        </test-method> <!-- enterdetails -->
        <test-method signature="msg()[pri:6, instance:testCases.TestCase03@55634720]" started-at="2024-02-29T17:32:23 IST" name="msg" finished-at="2024-02-29T17:32:26 IST" duration-ms="2928" status="PASS">
          <reporter-output>
          </reporter-output>
        </test-method> <!-- msg -->
        <test-method signature="valid()[pri:7, instance:testCases.TestCase03@55634720]" started-at="2024-02-29T17:32:26 IST" name="valid" finished-at="2024-02-29T17:32:34 IST" duration-ms="7557" status="PASS">
          <reporter-output>
          </reporter-output>
        </test-method> <!-- valid -->
      </class> <!-- testCases.TestCase03 -->
    </test> <!-- Test -->
  </suite> <!-- Suite -->
</testng-results>
