<?xml version="1.0" encoding="UTF-8"?>
<testng-results ignored="4" total="16" passed="12" failed="0" skipped="0">
  <reporter-output>
  </reporter-output>
  <suite started-at="2024-02-28T17:32:50 IST" name="Suite" finished-at="2024-02-28T17:34:36 IST" duration-ms="106494">
    <groups>
    </groups>
    <test started-at="2024-02-28T17:32:50 IST" name="Test" finished-at="2024-02-28T17:34:36 IST" duration-ms="106494">
      <class name="testCases.TestCase01">
        <test-method is-config="true" signature="setup(java.lang.String,java.lang.String)[pri:0, instance:testCases.TestCase01@201a4587]" started-at="2024-02-28T17:32:51 IST" name="setup" finished-at="2024-02-28T17:33:39 IST" duration-ms="48094" status="PASS">
          <params>
            <param index="0">
              <value>
                <![CDATA[windows]]>
              </value>
            </param>
            <param index="1">
              <value>
                <![CDATA[chrome]]>
              </value>
            </param>
          </params>
          <reporter-output>
          </reporter-output>
        </test-method> <!-- setup -->
        <test-method signature="searchbookshelves()[pri:1, instance:testCases.TestCase01@201a4587]" started-at="2024-02-28T17:33:39 IST" name="searchbookshelves" finished-at="2024-02-28T17:33:46 IST" duration-ms="6723" status="PASS">
          <reporter-output>
          </reporter-output>
        </test-method> <!-- searchbookshelves -->
        <test-method is-config="true" signature="teardown()[pri:0, instance:testCases.TestCase01@201a4587]" started-at="2024-02-28T17:34:32 IST" name="teardown" finished-at="2024-02-28T17:34:36 IST" duration-ms="4180" status="PASS">
          <reporter-output>
          </reporter-output>
        </test-method> <!-- teardown -->
      </class> <!-- testCases.TestCase01 -->
      <class name="testCases.TestCase02">
        <test-method signature="popup()[pri:1, instance:testCases.TestCase02@1151e434]" started-at="2024-02-28T17:33:47 IST" name="popup" finished-at="2024-02-28T17:33:50 IST" duration-ms="2852" status="PASS">
          <reporter-output>
          </reporter-output>
        </test-method> <!-- popup -->
        <test-method signature="searchprice()[pri:2, instance:testCases.TestCase02@1151e434]" started-at="2024-02-28T17:33:50 IST" name="searchprice" finished-at="2024-02-28T17:33:55 IST" duration-ms="4968" status="PASS">
          <reporter-output>
          </reporter-output>
        </test-method> <!-- searchprice -->
        <test-method signature="find()[pri:3, instance:testCases.TestCase02@1151e434]" started-at="2024-02-28T17:33:56 IST" name="find" finished-at="2024-02-28T17:33:56 IST" duration-ms="625" status="PASS">
          <reporter-output>
          </reporter-output>
        </test-method> <!-- find -->
        <test-method signature="printprice()[pri:4, instance:testCases.TestCase02@1151e434]" started-at="2024-02-28T17:33:57 IST" name="printprice" finished-at="2024-02-28T17:34:00 IST" duration-ms="2905" status="PASS">
          <reporter-output>
          </reporter-output>
        </test-method> <!-- printprice -->
      </class> <!-- testCases.TestCase02 -->
      <class name="testCases.TestCase03">
        <test-method signature="getliving()[pri:1, instance:testCases.TestCase03@55634720]" started-at="2024-02-28T17:34:00 IST" name="getliving" finished-at="2024-02-28T17:34:03 IST" duration-ms="3422" status="PASS">
          <reporter-output>
          </reporter-output>
        </test-method> <!-- getliving -->
        <test-method signature="getvalue()[pri:2, instance:testCases.TestCase03@55634720]" started-at="2024-02-28T17:34:04 IST" name="getvalue" finished-at="2024-02-28T17:34:12 IST" duration-ms="8522" status="PASS">
          <reporter-output>
          </reporter-output>
        </test-method> <!-- getvalue -->
        <test-method signature="scrolldown()[pri:3, instance:testCases.TestCase03@55634720]" started-at="2024-02-28T17:34:13 IST" name="scrolldown" finished-at="2024-02-28T17:34:13 IST" duration-ms="208" status="PASS">
          <reporter-output>
          </reporter-output>
        </test-method> <!-- scrolldown -->
        <test-method signature="entervalues()[pri:4, instance:testCases.TestCase03@55634720]" started-at="2024-02-28T17:34:13 IST" name="entervalues" finished-at="2024-02-28T17:34:14 IST" duration-ms="855" status="PASS">
          <reporter-output>
          </reporter-output>
        </test-method> <!-- entervalues -->
        <test-method signature="enterdetails()[pri:5, instance:testCases.TestCase03@55634720]" started-at="2024-02-28T17:34:14 IST" name="enterdetails" finished-at="2024-02-28T17:34:21 IST" duration-ms="6566" status="PASS">
          <reporter-output>
          </reporter-output>
        </test-method> <!-- enterdetails -->
        <test-method signature="msg()[pri:6, instance:testCases.TestCase03@55634720]" started-at="2024-02-28T17:34:21 IST" name="msg" finished-at="2024-02-28T17:34:24 IST" duration-ms="2598" status="PASS">
          <reporter-output>
          </reporter-output>
        </test-method> <!-- msg -->
        <test-method signature="valid()[pri:7, instance:testCases.TestCase03@55634720]" started-at="2024-02-28T17:34:24 IST" name="valid" finished-at="2024-02-28T17:34:32 IST" duration-ms="7511" status="PASS">
          <reporter-output>
          </reporter-output>
        </test-method> <!-- valid -->
      </class> <!-- testCases.TestCase03 -->
    </test> <!-- Test -->
  </suite> <!-- Suite -->
</testng-results>
